This is pdfTeX, Version 3.1415926-1.40.11 (MiKTeX 2.9) (preloaded format=pdflatex 2015.3.27)  27 MAR 2015 17:55
entering extended mode
**report.tex
(C:\Unreal-Bot-Coursework\docs\latex\report.tex
LaTeX2e <2009/09/24>
Babel <v3.8l> and hyphenation patterns for english, afrikaans, ancientgreek, ar
abic, armenian, assamese, basque, bengali, bokmal, bulgarian, catalan, coptic, 
croatian, czech, danish, dutch, esperanto, estonian, farsi, finnish, french, ga
lician, german, german-x-2009-06-19, greek, gujarati, hindi, hungarian, iceland
ic, indonesian, interlingua, irish, italian, kannada, kurmanji, lao, latin, lat
vian, lithuanian, malayalam, marathi, mongolian, mongolianlmc, monogreek, ngerm
an, ngerman-x-2009-06-19, nynorsk, oriya, panjabi, pinyin, polish, portuguese, 
romanian, russian, sanskrit, serbian, slovak, slovenian, spanish, swedish, swis
sgerman, tamil, telugu, turkish, turkmen, ukenglish, ukrainian, uppersorbian, u
senglishmax, welsh, loaded.
("C:\Program Files (x86)\MiKTeX 2.9\tex\latex\base\article.cls"
Document Class: article 2007/10/19 v1.4h Standard LaTeX document class
("C:\Program Files (x86)\MiKTeX 2.9\tex\latex\base\size12.clo"
File: size12.clo 2007/10/19 v1.4h Standard LaTeX file (size option)
)
\c@part=\count79
\c@section=\count80
\c@subsection=\count81
\c@subsubsection=\count82
\c@paragraph=\count83
\c@subparagraph=\count84
\c@figure=\count85
\c@table=\count86
\abovecaptionskip=\skip41
\belowcaptionskip=\skip42
\bibindent=\dimen102
)
("\\myfiles\ajr36\Profiles_Do_Not_Delete\campus\Application Data\MiKTeX\2.9\tex
\latex\natbib\natbib.sty"
Package: natbib 2010/09/13 8.31b (PWD, AO)
\bibhang=\skip43
\bibsep=\skip44
LaTeX Info: Redefining \cite on input line 694.
\c@NAT@ctr=\count87
)
("C:\Program Files (x86)\MiKTeX 2.9\tex\latex\psnfss\times.sty"
Package: times 2005/04/12 PSNFSS-v9.2a (SPQR) 
)
("C:\Program Files (x86)\MiKTeX 2.9\tex\latex\graphics\graphicx.sty"
Package: graphicx 1999/02/16 v1.0f Enhanced LaTeX Graphics (DPC,SPQR)

("C:\Program Files (x86)\MiKTeX 2.9\tex\latex\graphics\keyval.sty"
Package: keyval 1999/03/16 v1.13 key=value parser (DPC)
\KV@toks@=\toks14
)
("C:\Program Files (x86)\MiKTeX 2.9\tex\latex\graphics\graphics.sty"
Package: graphics 2009/02/05 v1.0o Standard LaTeX Graphics (DPC,SPQR)

("C:\Program Files (x86)\MiKTeX 2.9\tex\latex\graphics\trig.sty"
Package: trig 1999/03/16 v1.09 sin cos tan (DPC)
)
("C:\Program Files (x86)\MiKTeX 2.9\tex\latex\00miktex\graphics.cfg"
File: graphics.cfg 2007/01/18 v1.5 graphics configuration of teTeX/TeXLive
)
Package graphics Info: Driver file: pdftex.def on input line 91.

("C:\Program Files (x86)\MiKTeX 2.9\tex\latex\pdftex-def\pdftex.def"
File: pdftex.def 2010/09/14 v0.05b Graphics/color for pdfTeX
\Gread@gobject=\count88
))
\Gin@req@height=\dimen103
\Gin@req@width=\dimen104
)
("C:\Program Files (x86)\MiKTeX 2.9\tex\latex\graphics\epsfig.sty"
Package: epsfig 1999/02/16 v1.7a (e)psfig emulation (SPQR)
\epsfxsize=\dimen105
\epsfysize=\dimen106
)
("\\myfiles\ajr36\Profiles_Do_Not_Delete\campus\Application Data\MiKTeX\2.9\tex
\latex\sidecap\sidecap.sty"
Package: sidecap 2003/06/06 v1.6f SideCap Package (RN/HjG)

("C:\Program Files (x86)\MiKTeX 2.9\tex\latex\base\ifthen.sty"
Package: ifthen 2001/05/26 v1.1c Standard LaTeX ifthen package (DPC)
)
\SC@BOXWD=\dimen107
\SC@CAPWD=\dimen108
\SC@tempdima=\dimen109
\SC@tempdimb=\dimen110
\c@SC@C=\count89
\SC@BOX=\box26
)
("\\myfiles\ajr36\Profiles_Do_Not_Delete\campus\Application Data\MiKTeX\2.9\tex
\latex\subfigure\subfigure.sty"
Package: subfigure 2002/07/30 v2.1.4 subfigure package
\subfigtopskip=\skip45
\subfigcapskip=\skip46
\subfigcaptopadj=\dimen111
\subfigbottomskip=\skip47
\subfigcapmargin=\dimen112
\subfiglabelskip=\skip48
\c@subfigure=\count90
\c@lofdepth=\count91
\c@subtable=\count92
\c@lotdepth=\count93

****************************************
* Local config file subfigure.cfg used *
****************************************

("\\myfiles\ajr36\Profiles_Do_Not_Delete\campus\Application Data\MiKTeX\2.9\tex
\latex\subfigure\subfigure.cfg")
\subfig@top=\skip49
\subfig@bottom=\skip50
)
("C:\Program Files (x86)\MiKTeX 2.9\tex\latex\geometry\geometry.sty"
Package: geometry 2010/09/12 v5.6 Page Geometry

("C:\Program Files (x86)\MiKTeX 2.9\tex\generic\oberdiek\ifpdf.sty"
Package: ifpdf 2010/01/28 v2.1 Provides the ifpdf switch (HO)
Package ifpdf Info: pdfTeX in pdf mode detected.
)
("C:\Program Files (x86)\MiKTeX 2.9\tex\generic\oberdiek\ifvtex.sty"
Package: ifvtex 2010/03/01 v1.5 Switches for detecting VTeX and its modes (HO)
Package ifvtex Info: VTeX not detected.
)
("C:\Program Files (x86)\MiKTeX 2.9\tex\generic\ifxetex\ifxetex.sty"
Package: ifxetex 2010/09/12 v0.6 Provides ifxetex conditional
)
\Gm@cnth=\count94
\Gm@cntv=\count95
\c@Gm@tempcnt=\count96
\Gm@bindingoffset=\dimen113
\Gm@wd@mp=\dimen114
\Gm@odd@mp=\dimen115
\Gm@even@mp=\dimen116
\Gm@layoutwidth=\dimen117
\Gm@layoutheight=\dimen118
\Gm@layouthoffset=\dimen119
\Gm@layoutvoffset=\dimen120
\Gm@dimlist=\toks15

("C:\Program Files (x86)\MiKTeX 2.9\tex\latex\geometry\geometry.cfg"))
("C:\Program Files (x86)\MiKTeX 2.9\tex\latex\tools\hhline.sty"
Package: hhline 1994/05/23 v2.03 Table rule package (DPC)
)
("\\myfiles\ajr36\Profiles_Do_Not_Delete\campus\Application Data\MiKTeX\2.9\tex
\latex\fancyhdr\fancyhdr.sty"
\fancy@headwidth=\skip51
\f@ncyO@elh=\skip52
\f@ncyO@erh=\skip53
\f@ncyO@olh=\skip54
\f@ncyO@orh=\skip55
\f@ncyO@elf=\skip56
\f@ncyO@erf=\skip57
\f@ncyO@olf=\skip58
\f@ncyO@orf=\skip59
)
("\\myfiles\ajr36\Profiles_Do_Not_Delete\campus\Application Data\MiKTeX\2.9\tex
\latex\pgf\frontendlayer\tikz.sty"
("\\myfiles\ajr36\Profiles_Do_Not_Delete\campus\Application Data\MiKTeX\2.9\tex
\latex\pgf\basiclayer\pgf.sty"
("\\myfiles\ajr36\Profiles_Do_Not_Delete\campus\Application Data\MiKTeX\2.9\tex
\latex\pgf\utilities\pgfrcs.sty"
("\\myfiles\ajr36\Profiles_Do_Not_Delete\campus\Application Data\MiKTeX\2.9\tex
\generic\pgf\utilities\pgfutil-common.tex"
\pgfutil@everybye=\toks16
\pgfutil@tempdima=\dimen121
\pgfutil@tempdimb=\dimen122

("\\myfiles\ajr36\Profiles_Do_Not_Delete\campus\Application Data\MiKTeX\2.9\tex
\generic\pgf\utilities\pgfutil-common-lists.tex"))
("\\myfiles\ajr36\Profiles_Do_Not_Delete\campus\Application Data\MiKTeX\2.9\tex
\generic\pgf\utilities\pgfutil-latex.def"
\pgfutil@abb=\box27

("\\myfiles\ajr36\Profiles_Do_Not_Delete\campus\Application Data\MiKTeX\2.9\tex
\latex\ms\everyshi.sty"
Package: everyshi 2001/05/15 v3.00 EveryShipout Package (MS)
))
("\\myfiles\ajr36\Profiles_Do_Not_Delete\campus\Application Data\MiKTeX\2.9\tex
\generic\pgf\utilities\pgfrcs.code.tex"
Package: pgfrcs 2013/12/20 v3.0.0 (rcs-revision 1.28)
))
Package: pgf 2013/12/18 v3.0.0 (rcs-revision 1.14)

("\\myfiles\ajr36\Profiles_Do_Not_Delete\campus\Application Data\MiKTeX\2.9\tex
\latex\pgf\basiclayer\pgfcore.sty"
("\\myfiles\ajr36\Profiles_Do_Not_Delete\campus\Application Data\MiKTeX\2.9\tex
\latex\pgf\systemlayer\pgfsys.sty"
("\\myfiles\ajr36\Profiles_Do_Not_Delete\campus\Application Data\MiKTeX\2.9\tex
\generic\pgf\systemlayer\pgfsys.code.tex"
Package: pgfsys 2013/11/30 v3.0.0 (rcs-revision 1.47)

("\\myfiles\ajr36\Profiles_Do_Not_Delete\campus\Application Data\MiKTeX\2.9\tex
\generic\pgf\utilities\pgfkeys.code.tex"
\pgfkeys@pathtoks=\toks17
\pgfkeys@temptoks=\toks18

("\\myfiles\ajr36\Profiles_Do_Not_Delete\campus\Application Data\MiKTeX\2.9\tex
\generic\pgf\utilities\pgfkeysfiltered.code.tex"
\pgfkeys@tmptoks=\toks19
))
\pgf@x=\dimen123
\pgf@y=\dimen124
\pgf@xa=\dimen125
\pgf@ya=\dimen126
\pgf@xb=\dimen127
\pgf@yb=\dimen128
\pgf@xc=\dimen129
\pgf@yc=\dimen130
\w@pgf@writea=\write3
\r@pgf@reada=\read1
\c@pgf@counta=\count97
\c@pgf@countb=\count98
\c@pgf@countc=\count99
\c@pgf@countd=\count100
\t@pgf@toka=\toks20
\t@pgf@tokb=\toks21
\t@pgf@tokc=\toks22

("\\myfiles\ajr36\Profiles_Do_Not_Delete\campus\Application Data\MiKTeX\2.9\tex
\generic\pgf\systemlayer\pgf.cfg"
File: pgf.cfg 2008/05/14  (rcs-revision 1.7)
)
Driver file for pgf: pgfsys-pdftex.def

("\\myfiles\ajr36\Profiles_Do_Not_Delete\campus\Application Data\MiKTeX\2.9\tex
\generic\pgf\systemlayer\pgfsys-pdftex.def"
File: pgfsys-pdftex.def 2013/07/18  (rcs-revision 1.33)

("\\myfiles\ajr36\Profiles_Do_Not_Delete\campus\Application Data\MiKTeX\2.9\tex
\generic\pgf\systemlayer\pgfsys-common-pdf.def"
File: pgfsys-common-pdf.def 2013/10/10  (rcs-revision 1.13)
)))
("\\myfiles\ajr36\Profiles_Do_Not_Delete\campus\Application Data\MiKTeX\2.9\tex
\generic\pgf\systemlayer\pgfsyssoftpath.code.tex"
File: pgfsyssoftpath.code.tex 2013/09/09  (rcs-revision 1.9)
\pgfsyssoftpath@smallbuffer@items=\count101
\pgfsyssoftpath@bigbuffer@items=\count102
)
("\\myfiles\ajr36\Profiles_Do_Not_Delete\campus\Application Data\MiKTeX\2.9\tex
\generic\pgf\systemlayer\pgfsysprotocol.code.tex"
File: pgfsysprotocol.code.tex 2006/10/16  (rcs-revision 1.4)
))
("\\myfiles\ajr36\Profiles_Do_Not_Delete\campus\Application Data\MiKTeX\2.9\tex
\latex\xcolor\xcolor.sty"
Package: xcolor 2007/01/21 v2.11 LaTeX color extensions (UK)

("C:\Program Files (x86)\MiKTeX 2.9\tex\latex\00miktex\color.cfg"
File: color.cfg 2007/01/18 v1.5 color configuration of teTeX/TeXLive
)
Package xcolor Info: Driver file: pdftex.def on input line 225.
Package xcolor Info: Model `cmy' substituted by `cmy0' on input line 1337.
Package xcolor Info: Model `hsb' substituted by `rgb' on input line 1341.
Package xcolor Info: Model `RGB' extended on input line 1353.
Package xcolor Info: Model `HTML' substituted by `rgb' on input line 1355.
Package xcolor Info: Model `Hsb' substituted by `hsb' on input line 1356.
Package xcolor Info: Model `tHsb' substituted by `hsb' on input line 1357.
Package xcolor Info: Model `HSB' substituted by `hsb' on input line 1358.
Package xcolor Info: Model `Gray' substituted by `gray' on input line 1359.
Package xcolor Info: Model `wave' substituted by `hsb' on input line 1360.
)
("\\myfiles\ajr36\Profiles_Do_Not_Delete\campus\Application Data\MiKTeX\2.9\tex
\generic\pgf\basiclayer\pgfcore.code.tex"
Package: pgfcore 2010/04/11 v3.0.0 (rcs-revision 1.7)

("\\myfiles\ajr36\Profiles_Do_Not_Delete\campus\Application Data\MiKTeX\2.9\tex
\generic\pgf\math\pgfmath.code.tex"
("\\myfiles\ajr36\Profiles_Do_Not_Delete\campus\Application Data\MiKTeX\2.9\tex
\generic\pgf\math\pgfmathcalc.code.tex"
("\\myfiles\ajr36\Profiles_Do_Not_Delete\campus\Application Data\MiKTeX\2.9\tex
\generic\pgf\math\pgfmathutil.code.tex")
("\\myfiles\ajr36\Profiles_Do_Not_Delete\campus\Application Data\MiKTeX\2.9\tex
\generic\pgf\math\pgfmathparser.code.tex"
\pgfmath@dimen=\dimen131
\pgfmath@count=\count103
\pgfmath@box=\box28
\pgfmath@toks=\toks23
\pgfmath@stack@operand=\toks24
\pgfmath@stack@operation=\toks25
)
("\\myfiles\ajr36\Profiles_Do_Not_Delete\campus\Application Data\MiKTeX\2.9\tex
\generic\pgf\math\pgfmathfunctions.code.tex"
("\\myfiles\ajr36\Profiles_Do_Not_Delete\campus\Application Data\MiKTeX\2.9\tex
\generic\pgf\math\pgfmathfunctions.basic.code.tex")
("\\myfiles\ajr36\Profiles_Do_Not_Delete\campus\Application Data\MiKTeX\2.9\tex
\generic\pgf\math\pgfmathfunctions.trigonometric.code.tex")
("\\myfiles\ajr36\Profiles_Do_Not_Delete\campus\Application Data\MiKTeX\2.9\tex
\generic\pgf\math\pgfmathfunctions.random.code.tex")
("\\myfiles\ajr36\Profiles_Do_Not_Delete\campus\Application Data\MiKTeX\2.9\tex
\generic\pgf\math\pgfmathfunctions.comparison.code.tex")
("\\myfiles\ajr36\Profiles_Do_Not_Delete\campus\Application Data\MiKTeX\2.9\tex
\generic\pgf\math\pgfmathfunctions.base.code.tex")
("\\myfiles\ajr36\Profiles_Do_Not_Delete\campus\Application Data\MiKTeX\2.9\tex
\generic\pgf\math\pgfmathfunctions.round.code.tex")
("\\myfiles\ajr36\Profiles_Do_Not_Delete\campus\Application Data\MiKTeX\2.9\tex
\generic\pgf\math\pgfmathfunctions.misc.code.tex")
("\\myfiles\ajr36\Profiles_Do_Not_Delete\campus\Application Data\MiKTeX\2.9\tex
\generic\pgf\math\pgfmathfunctions.integerarithmetics.code.tex")))
("\\myfiles\ajr36\Profiles_Do_Not_Delete\campus\Application Data\MiKTeX\2.9\tex
\generic\pgf\math\pgfmathfloat.code.tex"
\c@pgfmathroundto@lastzeros=\count104
))
("\\myfiles\ajr36\Profiles_Do_Not_Delete\campus\Application Data\MiKTeX\2.9\tex
\generic\pgf\basiclayer\pgfcorepoints.code.tex"
File: pgfcorepoints.code.tex 2013/10/07  (rcs-revision 1.27)
\pgf@picminx=\dimen132
\pgf@picmaxx=\dimen133
\pgf@picminy=\dimen134
\pgf@picmaxy=\dimen135
\pgf@pathminx=\dimen136
\pgf@pathmaxx=\dimen137
\pgf@pathminy=\dimen138
\pgf@pathmaxy=\dimen139
\pgf@xx=\dimen140
\pgf@xy=\dimen141
\pgf@yx=\dimen142
\pgf@yy=\dimen143
\pgf@zx=\dimen144
\pgf@zy=\dimen145
)
("\\myfiles\ajr36\Profiles_Do_Not_Delete\campus\Application Data\MiKTeX\2.9\tex
\generic\pgf\basiclayer\pgfcorepathconstruct.code.tex"
File: pgfcorepathconstruct.code.tex 2013/10/07  (rcs-revision 1.29)
\pgf@path@lastx=\dimen146
\pgf@path@lasty=\dimen147
)
("\\myfiles\ajr36\Profiles_Do_Not_Delete\campus\Application Data\MiKTeX\2.9\tex
\generic\pgf\basiclayer\pgfcorepathusage.code.tex"
File: pgfcorepathusage.code.tex 2013/12/13  (rcs-revision 1.23)
\pgf@shorten@end@additional=\dimen148
\pgf@shorten@start@additional=\dimen149
)
("\\myfiles\ajr36\Profiles_Do_Not_Delete\campus\Application Data\MiKTeX\2.9\tex
\generic\pgf\basiclayer\pgfcorescopes.code.tex"
File: pgfcorescopes.code.tex 2013/10/09  (rcs-revision 1.44)
\pgfpic=\box29
\pgf@hbox=\box30
\pgf@layerbox@main=\box31
\pgf@picture@serial@count=\count105
)
("\\myfiles\ajr36\Profiles_Do_Not_Delete\campus\Application Data\MiKTeX\2.9\tex
\generic\pgf\basiclayer\pgfcoregraphicstate.code.tex"
File: pgfcoregraphicstate.code.tex 2013/09/19  (rcs-revision 1.11)
\pgflinewidth=\dimen150
)
("\\myfiles\ajr36\Profiles_Do_Not_Delete\campus\Application Data\MiKTeX\2.9\tex
\generic\pgf\basiclayer\pgfcoretransformations.code.tex"
File: pgfcoretransformations.code.tex 2013/10/10  (rcs-revision 1.17)
\pgf@pt@x=\dimen151
\pgf@pt@y=\dimen152
\pgf@pt@temp=\dimen153
)
("\\myfiles\ajr36\Profiles_Do_Not_Delete\campus\Application Data\MiKTeX\2.9\tex
\generic\pgf\basiclayer\pgfcorequick.code.tex"
File: pgfcorequick.code.tex 2008/10/09  (rcs-revision 1.3)
)
("\\myfiles\ajr36\Profiles_Do_Not_Delete\campus\Application Data\MiKTeX\2.9\tex
\generic\pgf\basiclayer\pgfcoreobjects.code.tex"
File: pgfcoreobjects.code.tex 2006/10/11  (rcs-revision 1.2)
)
("\\myfiles\ajr36\Profiles_Do_Not_Delete\campus\Application Data\MiKTeX\2.9\tex
\generic\pgf\basiclayer\pgfcorepathprocessing.code.tex"
File: pgfcorepathprocessing.code.tex 2013/09/09  (rcs-revision 1.9)
)
("\\myfiles\ajr36\Profiles_Do_Not_Delete\campus\Application Data\MiKTeX\2.9\tex
\generic\pgf\basiclayer\pgfcorearrows.code.tex"
File: pgfcorearrows.code.tex 2013/11/07  (rcs-revision 1.40)
\pgfarrowsep=\dimen154
)
("\\myfiles\ajr36\Profiles_Do_Not_Delete\campus\Application Data\MiKTeX\2.9\tex
\generic\pgf\basiclayer\pgfcoreshade.code.tex"
File: pgfcoreshade.code.tex 2013/07/15  (rcs-revision 1.15)
\pgf@max=\dimen155
\pgf@sys@shading@range@num=\count106
)
("\\myfiles\ajr36\Profiles_Do_Not_Delete\campus\Application Data\MiKTeX\2.9\tex
\generic\pgf\basiclayer\pgfcoreimage.code.tex"
File: pgfcoreimage.code.tex 2013/07/15  (rcs-revision 1.18)

("\\myfiles\ajr36\Profiles_Do_Not_Delete\campus\Application Data\MiKTeX\2.9\tex
\generic\pgf\basiclayer\pgfcoreexternal.code.tex"
File: pgfcoreexternal.code.tex 2013/07/15  (rcs-revision 1.20)
\pgfexternal@startupbox=\box32
))
("\\myfiles\ajr36\Profiles_Do_Not_Delete\campus\Application Data\MiKTeX\2.9\tex
\generic\pgf\basiclayer\pgfcorelayers.code.tex"
File: pgfcorelayers.code.tex 2013/07/18  (rcs-revision 1.7)
)
("\\myfiles\ajr36\Profiles_Do_Not_Delete\campus\Application Data\MiKTeX\2.9\tex
\generic\pgf\basiclayer\pgfcoretransparency.code.tex"
File: pgfcoretransparency.code.tex 2013/09/30  (rcs-revision 1.5)
)
("\\myfiles\ajr36\Profiles_Do_Not_Delete\campus\Application Data\MiKTeX\2.9\tex
\generic\pgf\basiclayer\pgfcorepatterns.code.tex"
File: pgfcorepatterns.code.tex 2013/11/07  (rcs-revision 1.5)
)))
("\\myfiles\ajr36\Profiles_Do_Not_Delete\campus\Application Data\MiKTeX\2.9\tex
\generic\pgf\modules\pgfmoduleshapes.code.tex"
File: pgfmoduleshapes.code.tex 2013/10/31  (rcs-revision 1.34)
\pgfnodeparttextbox=\box33
)
("\\myfiles\ajr36\Profiles_Do_Not_Delete\campus\Application Data\MiKTeX\2.9\tex
\generic\pgf\modules\pgfmoduleplot.code.tex"
File: pgfmoduleplot.code.tex 2013/07/31  (rcs-revision 1.12)
)
("\\myfiles\ajr36\Profiles_Do_Not_Delete\campus\Application Data\MiKTeX\2.9\tex
\latex\pgf\compatibility\pgfcomp-version-0-65.sty"
Package: pgfcomp-version-0-65 2007/07/03 v3.0.0 (rcs-revision 1.7)
\pgf@nodesepstart=\dimen156
\pgf@nodesepend=\dimen157
)
("\\myfiles\ajr36\Profiles_Do_Not_Delete\campus\Application Data\MiKTeX\2.9\tex
\latex\pgf\compatibility\pgfcomp-version-1-18.sty"
Package: pgfcomp-version-1-18 2007/07/23 v3.0.0 (rcs-revision 1.1)
))
("\\myfiles\ajr36\Profiles_Do_Not_Delete\campus\Application Data\MiKTeX\2.9\tex
\latex\pgf\utilities\pgffor.sty"
("\\myfiles\ajr36\Profiles_Do_Not_Delete\campus\Application Data\MiKTeX\2.9\tex
\latex\pgf\utilities\pgfkeys.sty"
("\\myfiles\ajr36\Profiles_Do_Not_Delete\campus\Application Data\MiKTeX\2.9\tex
\generic\pgf\utilities\pgfkeys.code.tex"))
("\\myfiles\ajr36\Profiles_Do_Not_Delete\campus\Application Data\MiKTeX\2.9\tex
\latex\pgf\math\pgfmath.sty"
("\\myfiles\ajr36\Profiles_Do_Not_Delete\campus\Application Data\MiKTeX\2.9\tex
\generic\pgf\math\pgfmath.code.tex"))
("\\myfiles\ajr36\Profiles_Do_Not_Delete\campus\Application Data\MiKTeX\2.9\tex
\generic\pgf\utilities\pgffor.code.tex"
Package: pgffor 2013/12/13 v3.0.0 (rcs-revision 1.25)

("\\myfiles\ajr36\Profiles_Do_Not_Delete\campus\Application Data\MiKTeX\2.9\tex
\generic\pgf\math\pgfmath.code.tex")
\pgffor@iter=\dimen158
\pgffor@skip=\dimen159
\pgffor@stack=\toks26
\pgffor@toks=\toks27
))
("\\myfiles\ajr36\Profiles_Do_Not_Delete\campus\Application Data\MiKTeX\2.9\tex
\generic\pgf\frontendlayer\tikz\tikz.code.tex"
Package: tikz 2013/12/13 v3.0.0 (rcs-revision 1.142)

("\\myfiles\ajr36\Profiles_Do_Not_Delete\campus\Application Data\MiKTeX\2.9\tex
\generic\pgf\libraries\pgflibraryplothandlers.code.tex"
File: pgflibraryplothandlers.code.tex 2013/08/31 v3.0.0 (rcs-revision 1.20)
\pgf@plot@mark@count=\count107
\pgfplotmarksize=\dimen160
)
\tikz@lastx=\dimen161
\tikz@lasty=\dimen162
\tikz@lastxsaved=\dimen163
\tikz@lastysaved=\dimen164
\tikzleveldistance=\dimen165
\tikzsiblingdistance=\dimen166
\tikz@figbox=\box34
\tikz@figbox@bg=\box35
\tikz@tempbox=\box36
\tikz@tempbox@bg=\box37
\tikztreelevel=\count108
\tikznumberofchildren=\count109
\tikznumberofcurrentchild=\count110
\tikz@fig@count=\count111

("\\myfiles\ajr36\Profiles_Do_Not_Delete\campus\Application Data\MiKTeX\2.9\tex
\generic\pgf\modules\pgfmodulematrix.code.tex"
File: pgfmodulematrix.code.tex 2013/09/17  (rcs-revision 1.8)
\pgfmatrixcurrentrow=\count112
\pgfmatrixcurrentcolumn=\count113
\pgf@matrix@numberofcolumns=\count114
)
\tikz@expandcount=\count115

("\\myfiles\ajr36\Profiles_Do_Not_Delete\campus\Application Data\MiKTeX\2.9\tex
\generic\pgf\frontendlayer\tikz\libraries\tikzlibrarytopaths.code.tex"
File: tikzlibrarytopaths.code.tex 2008/06/17 v3.0.0 (rcs-revision 1.2)
)))
("C:\Program Files (x86)\MiKTeX 2.9\tex\latex\tools\bm.sty"
Package: bm 2004/02/26 v1.1c Bold Symbol Support (DPC/FMi)
\symboldoperators=\mathgroup4
\symboldletters=\mathgroup5
\symboldsymbols=\mathgroup6
LaTeX Font Info:    Redeclaring math alphabet \mathbf on input line 138.
LaTeX Info: Redefining \bm on input line 204.
)
(C:\Unreal-Bot-Coursework\docs\latex\report.aux)
LaTeX Font Info:    Checking defaults for OML/cmm/m/it on input line 36.
LaTeX Font Info:    ... okay on input line 36.
LaTeX Font Info:    Checking defaults for T1/cmr/m/n on input line 36.
LaTeX Font Info:    ... okay on input line 36.
LaTeX Font Info:    Checking defaults for OT1/cmr/m/n on input line 36.
LaTeX Font Info:    ... okay on input line 36.
LaTeX Font Info:    Checking defaults for OMS/cmsy/m/n on input line 36.
LaTeX Font Info:    ... okay on input line 36.
LaTeX Font Info:    Checking defaults for OMX/cmex/m/n on input line 36.
LaTeX Font Info:    ... okay on input line 36.
LaTeX Font Info:    Checking defaults for U/cmr/m/n on input line 36.
LaTeX Font Info:    ... okay on input line 36.
LaTeX Font Info:    Try loading font information for OT1+ptm on input line 36.

("C:\Program Files (x86)\MiKTeX 2.9\tex\latex\psnfss\ot1ptm.fd"
File: ot1ptm.fd 2001/06/04 font definitions for OT1/ptm.
)
("\\myfiles\ajr36\Profiles_Do_Not_Delete\campus\Application Data\MiKTeX\2.9\tex
\context\base\supp-pdf.mkii"
[Loading MPS to PDF converter (version 2006.09.02).]
\scratchcounter=\count116
\scratchdimen=\dimen167
\scratchbox=\box38
\nofMPsegments=\count117
\nofMParguments=\count118
\everyMPshowfont=\toks28
\MPscratchCnt=\count119
\MPscratchDim=\dimen168
\MPnumerator=\count120
\makeMPintoPDFobject=\count121
\everyMPtoPDFconversion=\toks29
)
("\\myfiles\ajr36\Profiles_Do_Not_Delete\campus\Application Data\MiKTeX\2.9\tex
\latex\ms\ragged2e.sty"
Package: ragged2e 2009/05/21 v2.1 ragged2e Package (MS)

("\\myfiles\ajr36\Profiles_Do_Not_Delete\campus\Application Data\MiKTeX\2.9\tex
\latex\ms\everysel.sty"
Package: everysel 2011/10/28 v1.2 EverySelectfont Package (MS)
 ABD: EverySelectfont initializing macros
LaTeX Info: Redefining \selectfont on input line 126.
)
\CenteringLeftskip=\skip60
\RaggedLeftLeftskip=\skip61
\RaggedRightLeftskip=\skip62
\CenteringRightskip=\skip63
\RaggedLeftRightskip=\skip64
\RaggedRightRightskip=\skip65
\CenteringParfillskip=\skip66
\RaggedLeftParfillskip=\skip67
\RaggedRightParfillskip=\skip68
\JustifyingParfillskip=\skip69
\CenteringParindent=\skip70
\RaggedLeftParindent=\skip71
\RaggedRightParindent=\skip72
\JustifyingParindent=\skip73
)
*geometry* driver: auto-detecting
*geometry* detected driver: pdftex
*geometry* verbose mode - [ preamble ] result:
* driver: pdftex
* paper: a4paper
* layout: <same size as paper>
* layoutoffset:(h,v)=(0.0pt,0.0pt)
* modes: 
* h-part:(L,W,R)=(89.62709pt, 418.25368pt, 89.6271pt)
* v-part:(T,H,B)=(101.40665pt, 591.5302pt, 152.11pt)
* \paperwidth=597.50787pt
* \paperheight=845.04684pt
* \textwidth=487.8225pt
* \textheight=722.7pt
* \oddsidemargin=-18.06749pt
* \evensidemargin=17.3571pt
* \topmargin=-36.135pt
* \headheight=12.0pt
* \headsep=25.0pt
* \topskip=12.0pt
* \footskip=30.0pt
* \marginparwidth=35.0pt
* \marginparsep=10.0pt
* \columnsep=10.0pt
* \skip\footins=10.8pt plus 4.0pt minus 2.0pt
* \hoffset=0.0pt
* \voffset=0.0pt
* \mag=1000
* \@twocolumnfalse
* \@twosidefalse
* \@mparswitchfalse
* \@reversemarginfalse
* (1in=72.27pt=25.4mm, 1cm=28.453pt)

ABD: EveryShipout initializing macros
LaTeX Font Info:    External font `cmex10' loaded for size
(Font)              <14.4> on input line 40.
LaTeX Font Info:    External font `cmex10' loaded for size
(Font)              <7> on input line 40.
LaTeX Font Info:    Font shape `OT1/ptm/bx/n' in size <17.28> not available
(Font)              Font shape `OT1/ptm/b/n' tried instead on input line 42.
 [1

{C:/Users/ajr36/AppData/Local/MiKTeX/2.9/pdftex/config/pdftex.map}] (C:\Unreal-
Bot-Coursework\docs\latex\report.aux) ) 
Here is how much of TeX's memory you used:
 12212 strings out of 494019
 248054 string characters out of 3143786
 274294 words of memory out of 3000000
 15278 multiletter control sequences out of 15000+200000
 14500 words of font info for 36 fonts, out of 3000000 for 9000
 714 hyphenation exceptions out of 8191
 55i,6n,54p,403b,187s stack positions out of 5000i,500n,10000p,200000b,50000s
{C:/Program Files (x86)/MiKTeX 2.9/fonts
/enc/dvips/fontname/8r.enc}<C:/Program Files (x86)/MiKTeX 2.9/fonts/type1/urw/t
imes/utmb8a.pfb><C:/Program Files (x86)/MiKTeX 2.9/fonts/type1/urw/times/utmr8a
.pfb>
Output written on report.pdf (1 page, 25277 bytes).
PDF statistics:
 18 PDF objects out of 1000 (max. 8388607)
 0 named destinations out of 1000 (max. 500000)
 13 words of extra memory for PDF output out of 10000 (max. 10000000)

